<?xml version="1.0" encoding="UTF-8"?>
<!-- Generated by org.testng.reporters.JUnitReportReporter -->
<testsuite skipped="0" hostname="BDC6-DX-9YT4T72" name="HDFC.Keyboard" tests="1" failures="0" timestamp="16 Nov 2018 07:21:56 GMT" time="12.694" errors="0">
  <testcase name="key" time="12.694" classname="HDFC.Keyboard"/>
</testsuite> <!-- HDFC.Keyboard -->
