<?xml version="1.0" encoding="UTF-8"?>
<!-- Generated by org.testng.reporters.JUnitReportReporter -->
<testsuite skipped="0" hostname="BDC6-DX-9YT4T72" name="HDFC.Cupon" tests="1" failures="0" timestamp="19 Nov 2018 04:03:09 GMT" time="16.183" errors="0">
  <testcase name="cupon" time="16.183" classname="HDFC.Cupon"/>
</testsuite> <!-- HDFC.Cupon -->
