<?xml version="1.0" encoding="UTF-8"?>
<!-- Generated by org.testng.reporters.JUnitReportReporter -->
<testsuite skipped="0" hostname="BDC6-DX-9YT4T72" name="HDFC.NewTest" tests="1" failures="0" timestamp="16 Nov 2018 06:09:56 GMT" time="14.730" errors="0">
  <testcase name="HDFC" time="14.730" classname="HDFC.NewTest"/>
</testsuite> <!-- HDFC.NewTest -->
