<?xml version="1.0" encoding="UTF-8"?>
<!-- Generated by org.testng.reporters.JUnitReportReporter -->
<testsuite skipped="0" hostname="BDC6-DX-9YT4T72" name="HDFC.dataprovider" tests="2" failures="0" timestamp="19 Nov 2018 09:01:49 GMT" time="31.169" errors="0">
  <testcase name="Test" time="16.286" classname="HDFC.dataprovider"/>
  <testcase name="Test" time="14.883" classname="HDFC.dataprovider"/>
</testsuite> <!-- HDFC.dataprovider -->
