<?xml version="1.0" encoding="UTF-8"?>
<!-- Generated by org.testng.reporters.JUnitReportReporter -->
<testsuite skipped="0" hostname="BDC6-DX-9YT4T72" name="HDFC.Cupon" tests="1" failures="0" timestamp="16 Nov 2018 07:34:49 GMT" time="11.012" errors="0">
  <testcase name="cupon" time="11.012" classname="HDFC.Cupon"/>
</testsuite> <!-- HDFC.Cupon -->
