<?xml version="1.0" encoding="UTF-8"?>
<!-- Generated by org.testng.reporters.JUnitReportReporter -->
<testsuite skipped="0" hostname="BDC6-DX-9YT4T72" name="HDFC.Dragdrop" tests="1" failures="0" timestamp="16 Nov 2018 06:39:43 GMT" time="15.213" errors="0">
  <testcase name="Drag" time="15.213" classname="HDFC.Dragdrop"/>
</testsuite> <!-- HDFC.Dragdrop -->
